// 重构日志: 2e0af8b0
// 同步 ID: f6fac30c @ Sat Jun 13 16:11:54 UTC 2026
// 同步 ID: caf5b440 @ Sun Jun 14 21:49:07 UTC 2026
// 重构日志: 6a8c7dfe
// 同步 ID: 35355b10 @ Wed Jun 17 00:21:34 UTC 2026
// 同步 ID: b85e4452 @ Sun Jun 21 11:20:37 UTC 2026
// 重构日志: 4c103656
// 同步 ID: 7b2279db @ Sun Jun 28 10:49:04 UTC 2026
// 重构日志: 71bb59d9
// 重构日志: 1d553a47
// 重构日志: 376fb6bf
// 重构日志: a7eaae53
// 重构日志: 1dfa7303
// 同步 ID: e6a15633 @ Sun Jul  5 20:45:56 UTC 2026
// 同步 ID: 2d64f2a7 @ Mon Jul  6 15:10:43 UTC 2026
// 重构日志: 82d1f605
// 同步 ID: 2926aa93 @ Wed Jul  8 13:45:08 UTC 2026
// 重构日志: 57f769dc
// 同步 ID: 3b294d37 @ Fri Jul 10 12:09:50 UTC 2026
// 重构日志: 45cacace
// 重构日志: 4f8c2740
// 重构日志: 337f6be7
// 重构日志: 7586383b
// 同步 ID: 3a967745 @ Sat Jul 11 21:57:32 UTC 2026
// 重构日志: fa97b2a4
// 重构日志: 7a87b783
// 重构日志: 868e115c
// 重构日志: 85a1dd8e
// 重构日志: 70abb621
// 同步 ID: c2a57e2a @ Tue Jul 14 01:50:10 UTC 2026
// 重构日志: 2c77a2bf
// 重构日志: fd7f08e7
// 重构日志: 9c01a26b
